2024-01-07 13:15:04 error: uncaughtException: тип Unable to compile TypeScript:
[96msrc/controllers/AuthController.ts[0m:[93m3[0m:[93m33[0m - [91merror[0m[90m TS2307: [0mCannot find module '@utils/SuccessResponse' or its corresponding type declarations.

[7m3[0m import { SuccessResponse } from '@utils/SuccessResponse';
[7m [0m [91m                                ~~~~~~~~~~~~~~~~~~~~~~~~[0m

TSError: тип Unable to compile TypeScript:
[96msrc/controllers/AuthController.ts[0m:[93m3[0m:[93m33[0m - [91merror[0m[90m TS2307: [0mCannot find module '@utils/SuccessResponse' or its corresponding type declarations.

[7m3[0m import { SuccessResponse } from '@utils/SuccessResponse';
[7m [0m [91m                                ~~~~~~~~~~~~~~~~~~~~~~~~[0m

    at createTSError (C:\Users\anmee\Documents\projects\BudgetManager\server\node_modules\ts-node\src\index.ts:859:12)
    at reportTSError (C:\Users\anmee\Documents\projects\BudgetManager\server\node_modules\ts-node\src\index.ts:863:19)
    at getOutput (C:\Users\anmee\Documents\projects\BudgetManager\server\node_modules\ts-node\src\index.ts:1077:36)
    at Object.compile (C:\Users\anmee\Documents\projects\BudgetManager\server\node_modules\ts-node\src\index.ts:1433:41)
    at Module.m._compile (C:\Users\anmee\Documents\projects\BudgetManager\server\node_modules\ts-node\src\index.ts:1617:30)
    at Module._extensions..js (node:internal/modules/cjs/loader:1435:10)
    at Object.require.extensions.<computed> [as .ts] (C:\Users\anmee\Documents\projects\BudgetManager\server\node_modules\ts-node\src\index.ts:1621:12)
    at Module.load (node:internal/modules/cjs/loader:1207:32)
    at Function.Module._load (node:internal/modules/cjs/loader:1023:12)
    at Module.require (node:internal/modules/cjs/loader:1235:19)
2024-01-07 13:15:42 error: uncaughtException: тип Unable to compile TypeScript:
[96msrc/utils/asyncWrapper.ts[0m:[93m3[0m:[93m33[0m - [91merror[0m[90m TS2307: [0mCannot find module './SuccessResponse' or its corresponding type declarations.

[7m3[0m import { SuccessResponse } from './SuccessResponse';
[7m [0m [91m                                ~~~~~~~~~~~~~~~~~~~[0m

TSError: тип Unable to compile TypeScript:
[96msrc/utils/asyncWrapper.ts[0m:[93m3[0m:[93m33[0m - [91merror[0m[90m TS2307: [0mCannot find module './SuccessResponse' or its corresponding type declarations.

[7m3[0m import { SuccessResponse } from './SuccessResponse';
[7m [0m [91m                                ~~~~~~~~~~~~~~~~~~~[0m

    at createTSError (C:\Users\anmee\Documents\projects\BudgetManager\server\node_modules\ts-node\src\index.ts:859:12)
    at reportTSError (C:\Users\anmee\Documents\projects\BudgetManager\server\node_modules\ts-node\src\index.ts:863:19)
    at getOutput (C:\Users\anmee\Documents\projects\BudgetManager\server\node_modules\ts-node\src\index.ts:1077:36)
    at Object.compile (C:\Users\anmee\Documents\projects\BudgetManager\server\node_modules\ts-node\src\index.ts:1433:41)
    at Module.m._compile (C:\Users\anmee\Documents\projects\BudgetManager\server\node_modules\ts-node\src\index.ts:1617:30)
    at Module._extensions..js (node:internal/modules/cjs/loader:1435:10)
    at Object.require.extensions.<computed> [as .ts] (C:\Users\anmee\Documents\projects\BudgetManager\server\node_modules\ts-node\src\index.ts:1621:12)
    at Module.load (node:internal/modules/cjs/loader:1207:32)
    at Function.Module._load (node:internal/modules/cjs/loader:1023:12)
    at Module.require (node:internal/modules/cjs/loader:1235:19)
2024-01-09 15:04:34 error: uncaughtException: validation_middleware_1.default.validate is not a function
TypeError: validation_middleware_1.default.validate is not a function
    at UsersRoute.initializeRoutes (C:\Users\anmee\Documents\projects\BudgetManager\server\src\routes\users.route.ts:17:55)
    at new UsersRoute (C:\Users\anmee\Documents\projects\BudgetManager\server\src\routes\users.route.ts:13:10)
    at Object.<anonymous> (C:\Users\anmee\Documents\projects\BudgetManager\server\src\server.ts:10:40)
    at Module._compile (node:internal/modules/cjs/loader:1376:14)
    at Module._compile (C:\Users\anmee\Documents\projects\BudgetManager\server\node_modules\source-map-support\source-map-support.js:568:25)
    at Module.m._compile (C:\Users\anmee\AppData\Local\Temp\ts-node-dev-hook-922007373901587.js:69:33)
    at Module._extensions..js (node:internal/modules/cjs/loader:1435:10)
    at require.extensions..jsx.require.extensions..js (C:\Users\anmee\AppData\Local\Temp\ts-node-dev-hook-922007373901587.js:114:20)
    at require.extensions.<computed> (C:\Users\anmee\AppData\Local\Temp\ts-node-dev-hook-922007373901587.js:71:20)
    at Object.nodeDevHook [as .ts] (C:\Users\anmee\Documents\projects\BudgetManager\server\node_modules\ts-node-dev\lib\hook.js:63:13)
2024-01-09 15:04:46 error: uncaughtException: тип Unable to compile TypeScript:
src/middlewares/validation.middleware.ts(53,1): error TS1128: Declaration or statement expected.

Error: тип Unable to compile TypeScript:
src/middlewares/validation.middleware.ts(53,1): error TS1128: Declaration or statement expected.

    at Object.<anonymous> (C:\Users\anmee\Documents\projects\BudgetManager\server\src\middlewares\validation.middleware.ts:1:7)
    at Module._compile (node:internal/modules/cjs/loader:1376:14)
    at Module._compile (C:\Users\anmee\Documents\projects\BudgetManager\server\node_modules\source-map-support\source-map-support.js:568:25)
    at Module.m._compile (C:\Users\anmee\AppData\Local\Temp\ts-node-dev-hook-922007373901587.js:69:33)
    at Module._extensions..js (node:internal/modules/cjs/loader:1435:10)
    at require.extensions..jsx.require.extensions..js (C:\Users\anmee\AppData\Local\Temp\ts-node-dev-hook-922007373901587.js:114:20)
    at require.extensions.<computed> (C:\Users\anmee\AppData\Local\Temp\ts-node-dev-hook-922007373901587.js:71:20)
    at Object.nodeDevHook [as .ts] (C:\Users\anmee\Documents\projects\BudgetManager\server\node_modules\ts-node-dev\lib\hook.js:63:13)
    at Module.load (node:internal/modules/cjs/loader:1207:32)
    at Function.Module._load (node:internal/modules/cjs/loader:1023:12)
